app/build/intermediates/manifest_merge_blame_file/debug/processDebugMainManifest/manifest-merger-blame-debug-report.txt
1<?xml version="1.0" encoding="utf-8"?>
2<manifest xmlns:android="http://schemas.android.com/apk/res/android"
3    package="com.pokerarity.scanner"
4    android:versionCode="1"
5    android:versionName="1.0" >
6
7    <uses-sdk
8        android:minSdkVersion="26"
9        android:targetSdkVersion="35" />
10
11    <uses-permission android:name="android.permission.FOREGROUND_SERVICE" />
11-->src\main\AndroidManifest.xml:5:5-77
11-->src\main\AndroidManifest.xml:5:22-74
12    <uses-permission android:name="android.permission.FOREGROUND_SERVICE_MEDIA_PROJECTION" />
12-->src\main\AndroidManifest.xml:6:5-94
12-->src\main\AndroidManifest.xml:6:22-91
13    <uses-permission android:name="android.permission.FOREGROUND_SERVICE_SPECIAL_USE" />
13-->src\main\AndroidManifest.xml:7:5-89
13-->src\main\AndroidManifest.xml:7:22-86
14    <uses-permission android:name="android.permission.SYSTEM_ALERT_WINDOW" />
14-->src\main\AndroidManifest.xml:8:5-78
14-->src\main\AndroidManifest.xml:8:22-75
15    <uses-permission android:name="android.permission.POST_NOTIFICATIONS" />
15-->src\main\AndroidManifest.xml:9:5-77
15-->src\main\AndroidManifest.xml:9:22-74
16    <uses-permission
16-->src\main\AndroidManifest.xml:10:5-12:38
17        android:name="android.permission.WRITE_EXTERNAL_STORAGE"
17-->src\main\AndroidManifest.xml:11:9-65
18        android:maxSdkVersion="28" />
18-->src\main\AndroidManifest.xml:12:9-35
19    <uses-permission
19-->src\main\AndroidManifest.xml:13:5-15:38
20        android:name="android.permission.READ_EXTERNAL_STORAGE"
20-->src\main\AndroidManifest.xml:14:9-64
21        android:maxSdkVersion="28" />
21-->src\main\AndroidManifest.xml:15:9-35
22
23    <permission
23-->[androidx.core:core:1.15.0] AndroidManifest.xml:22:5-24:47
24        android:name="com.pokerarity.scanner.DYNAMIC_RECEIVER_NOT_EXPORTED_PERMISSION"
24-->[androidx.core:core:1.15.0] AndroidManifest.xml:23:9-81
25        android:protectionLevel="signature" />
25-->[androidx.core:core:1.15.0] AndroidManifest.xml:24:9-44
26
27    <uses-permission android:name="com.pokerarity.scanner.DYNAMIC_RECEIVER_NOT_EXPORTED_PERMISSION" />
27-->[androidx.core:core:1.15.0] AndroidManifest.xml:26:5-97
27-->[androidx.core:core:1.15.0] AndroidManifest.xml:26:22-94
28
29    <application
29-->src\main\AndroidManifest.xml:17:5-105:19
30        android:name="com.pokerarity.scanner.PokeRarityApp"
30-->src\main\AndroidManifest.xml:18:9-38
31        android:allowBackup="true"
31-->src\main\AndroidManifest.xml:19:9-35
32        android:appComponentFactory="androidx.core.app.CoreComponentFactory"
32-->[androidx.core:core:1.15.0] AndroidManifest.xml:28:18-86
33        android:debuggable="true"
34        android:extractNativeLibs="false"
35        android:icon="@drawable/ic_pokeball"
35-->src\main\AndroidManifest.xml:20:9-45
36        android:label="@string/app_name"
36-->src\main\AndroidManifest.xml:21:9-41
37        android:roundIcon="@drawable/ic_pokeball"
37-->src\main\AndroidManifest.xml:22:9-50
38        android:supportsRtl="true"
38-->src\main\AndroidManifest.xml:23:9-35
39        android:theme="@style/Theme.PokeRarityScanner" >
39-->src\main\AndroidManifest.xml:24:9-55
40        <activity
40-->src\main\AndroidManifest.xml:27:9-36:20
41            android:name="com.pokerarity.scanner.ui.splash.SplashActivity"
41-->src\main\AndroidManifest.xml:28:13-53
42            android:exported="true"
42-->src\main\AndroidManifest.xml:29:13-36
43            android:noHistory="true"
43-->src\main\AndroidManifest.xml:30:13-37
44            android:theme="@style/Theme.PokeRarityScanner" >
44-->src\main\AndroidManifest.xml:31:13-59
45            <intent-filter>
45-->src\main\AndroidManifest.xml:32:13-35:29
46                <action android:name="android.intent.action.MAIN" />
46-->src\main\AndroidManifest.xml:33:17-69
46-->src\main\AndroidManifest.xml:33:25-66
47
48                <category android:name="android.intent.category.LAUNCHER" />
48-->src\main\AndroidManifest.xml:34:17-77
48-->src\main\AndroidManifest.xml:34:27-74
49            </intent-filter>
50        </activity>
51        <activity
51-->src\main\AndroidManifest.xml:38:9-41:62
52            android:name="com.pokerarity.scanner.ui.main.MainActivity"
52-->src\main\AndroidManifest.xml:39:13-49
53            android:exported="false"
53-->src\main\AndroidManifest.xml:40:13-37
54            android:theme="@style/Theme.PokeRarityScanner" />
54-->src\main\AndroidManifest.xml:41:13-59
55        <activity
55-->src\main\AndroidManifest.xml:43:9-48:67
56            android:name="com.pokerarity.scanner.ui.permission.ProjectionPermissionActivity"
56-->src\main\AndroidManifest.xml:44:13-71
57            android:excludeFromRecents="true"
57-->src\main\AndroidManifest.xml:47:13-46
58            android:exported="false"
58-->src\main\AndroidManifest.xml:45:13-37
59            android:noHistory="true"
59-->src\main\AndroidManifest.xml:46:13-37
60            android:theme="@style/Theme.Translucent.NoTitleBar" />
60-->src\main\AndroidManifest.xml:48:13-64
61        <activity
61-->src\main\AndroidManifest.xml:50:9-55:49
62            android:name="com.pokerarity.scanner.ui.result.ResultActivity"
62-->src\main\AndroidManifest.xml:51:13-53
63            android:excludeFromRecents="true"
63-->src\main\AndroidManifest.xml:55:13-46
64            android:exported="false"
64-->src\main\AndroidManifest.xml:52:13-37
65            android:launchMode="singleInstance"
65-->src\main\AndroidManifest.xml:54:13-48
66            android:theme="@style/Theme.PokeRarityScanner" />
66-->src\main\AndroidManifest.xml:53:13-59
67        <activity
67-->src\main\AndroidManifest.xml:57:9-60:62
68            android:name="com.pokerarity.scanner.ui.result.HistoryActivity"
68-->src\main\AndroidManifest.xml:58:13-54
69            android:exported="false"
69-->src\main\AndroidManifest.xml:59:13-37
70            android:theme="@style/Theme.PokeRarityScanner" />
70-->src\main\AndroidManifest.xml:60:13-59
71
72        <!-- OverlayService: specialUse type — starts without a projection token -->
73        <service
73-->src\main\AndroidManifest.xml:63:9-69:19
74            android:name="com.pokerarity.scanner.service.OverlayService"
74-->src\main\AndroidManifest.xml:64:13-51
75            android:exported="false"
75-->src\main\AndroidManifest.xml:66:13-37
76            android:foregroundServiceType="specialUse" >
76-->src\main\AndroidManifest.xml:65:13-55
77            <property
77-->src\main\AndroidManifest.xml:67:13-68:69
78                android:name="android.app.PROPERTY_SPECIAL_USE_FGS_SUBTYPE"
78-->src\main\AndroidManifest.xml:67:23-82
79                android:value="Screen overlay for scanning" />
79-->src\main\AndroidManifest.xml:68:23-66
80        </service>
81
82        <!--
83            ScreenCaptureService: declares BOTH specialUse and mediaProjection types.
84            onCreate() starts with SPECIAL_USE (no token needed).
85            setupProjection() promotes to MEDIA_PROJECTION once token is valid.
86            Android 14 requires the declared type(s) to cover whatever type is passed
87            to startForeground() at runtime.
88        -->
89        <service
89-->src\main\AndroidManifest.xml:78:9-84:19
90            android:name="com.pokerarity.scanner.service.ScreenCaptureService"
90-->src\main\AndroidManifest.xml:79:13-57
91            android:exported="false"
91-->src\main\AndroidManifest.xml:81:13-37
92            android:foregroundServiceType="specialUse|mediaProjection" >
92-->src\main\AndroidManifest.xml:80:13-71
93            <property
93-->src\main\AndroidManifest.xml:67:13-68:69
94                android:name="android.app.PROPERTY_SPECIAL_USE_FGS_SUBTYPE"
94-->src\main\AndroidManifest.xml:67:23-82
95                android:value="Screen capture for Pokemon GO scanner" />
95-->src\main\AndroidManifest.xml:68:23-66
96        </service>
97
98        <provider
99            android:name="androidx.core.content.FileProvider"
99-->src\main\AndroidManifest.xml:87:13-62
100            android:authorities="com.pokerarity.scanner.fileprovider"
100-->src\main\AndroidManifest.xml:88:13-64
101            android:exported="false"
101-->src\main\AndroidManifest.xml:89:13-37
102            android:grantUriPermissions="true" >
102-->src\main\AndroidManifest.xml:90:13-47
103            <meta-data
103-->src\main\AndroidManifest.xml:91:13-93:54
104                android:name="android.support.FILE_PROVIDER_PATHS"
104-->src\main\AndroidManifest.xml:92:17-67
105                android:resource="@xml/file_paths" />
105-->src\main\AndroidManifest.xml:93:17-51
106        </provider>
107
108        <receiver
108-->src\main\AndroidManifest.xml:96:9-103:20
109            android:name="com.pokerarity.scanner.ui.debug.ScanFixtureExportReceiver"
109-->src\main\AndroidManifest.xml:97:13-63
110            android:enabled="true"
110-->src\main\AndroidManifest.xml:98:13-35
111            android:exported="true" >
111-->src\main\AndroidManifest.xml:99:13-36
112            <intent-filter>
112-->src\main\AndroidManifest.xml:100:13-102:29
113                <action android:name="com.pokerarity.scanner.EXPORT_SCAN_FIXTURES" />
113-->src\main\AndroidManifest.xml:101:17-86
113-->src\main\AndroidManifest.xml:101:25-83
114            </intent-filter>
115        </receiver>
116
117        <activity
117-->[androidx.compose.ui:ui-tooling-android:1.7.6] AndroidManifest.xml:23:9-25:39
118            android:name="androidx.compose.ui.tooling.PreviewActivity"
118-->[androidx.compose.ui:ui-tooling-android:1.7.6] AndroidManifest.xml:24:13-71
119            android:exported="true" />
119-->[androidx.compose.ui:ui-tooling-android:1.7.6] AndroidManifest.xml:25:13-36
120
121        <provider
121-->[androidx.emoji2:emoji2:1.3.0] AndroidManifest.xml:24:9-32:20
122            android:name="androidx.startup.InitializationProvider"
122-->[androidx.emoji2:emoji2:1.3.0] AndroidManifest.xml:25:13-67
123            android:authorities="com.pokerarity.scanner.androidx-startup"
123-->[androidx.emoji2:emoji2:1.3.0] AndroidManifest.xml:26:13-68
124            android:exported="false" >
124-->[androidx.emoji2:emoji2:1.3.0] AndroidManifest.xml:27:13-37
125            <meta-data
125-->[androidx.emoji2:emoji2:1.3.0] AndroidManifest.xml:29:13-31:52
126                android:name="androidx.emoji2.text.EmojiCompatInitializer"
126-->[androidx.emoji2:emoji2:1.3.0] AndroidManifest.xml:30:17-75
127                android:value="androidx.startup" />
127-->[androidx.emoji2:emoji2:1.3.0] AndroidManifest.xml:31:17-49
128            <meta-data
128-->[androidx.lifecycle:lifecycle-process:2.8.7] AndroidManifest.xml:29:13-31:52
129                android:name="androidx.lifecycle.ProcessLifecycleInitializer"
129-->[androidx.lifecycle:lifecycle-process:2.8.7] AndroidManifest.xml:30:17-78
130                android:value="androidx.startup" />
130-->[androidx.lifecycle:lifecycle-process:2.8.7] AndroidManifest.xml:31:17-49
131            <meta-data
131-->[androidx.profileinstaller:profileinstaller:1.4.0] AndroidManifest.xml:29:13-31:52
132                android:name="androidx.profileinstaller.ProfileInstallerInitializer"
132-->[androidx.profileinstaller:profileinstaller:1.4.0] AndroidManifest.xml:30:17-85
133                android:value="androidx.startup" />
133-->[androidx.profileinstaller:profileinstaller:1.4.0] AndroidManifest.xml:31:17-49
134        </provider>
135
136        <activity
136-->[androidx.compose.ui:ui-test-manifest:1.7.6] AndroidManifest.xml:23:9-25:39
137            android:name="androidx.activity.ComponentActivity"
137-->[androidx.compose.ui:ui-test-manifest:1.7.6] AndroidManifest.xml:24:13-63
138            android:exported="true" />
138-->[androidx.compose.ui:ui-test-manifest:1.7.6] AndroidManifest.xml:25:13-36
139
140        <service
140-->[androidx.room:room-runtime:2.6.1] AndroidManifest.xml:24:9-28:63
141            android:name="androidx.room.MultiInstanceInvalidationService"
141-->[androidx.room:room-runtime:2.6.1] AndroidManifest.xml:25:13-74
142            android:directBootAware="true"
142-->[androidx.room:room-runtime:2.6.1] AndroidManifest.xml:26:13-43
143            android:exported="false" />
143-->[androidx.room:room-runtime:2.6.1] AndroidManifest.xml:27:13-37
144
145        <receiver
145-->[androidx.profileinstaller:profileinstaller:1.4.0] AndroidManifest.xml:34:9-52:20
146            android:name="androidx.profileinstaller.ProfileInstallReceiver"
146-->[androidx.profileinstaller:profileinstaller:1.4.0] AndroidManifest.xml:35:13-76
147            android:directBootAware="false"
147-->[androidx.profileinstaller:profileinstaller:1.4.0] AndroidManifest.xml:36:13-44
148            android:enabled="true"
148-->[androidx.profileinstaller:profileinstaller:1.4.0] AndroidManifest.xml:37:13-35
149            android:exported="true"
149-->[androidx.profileinstaller:profileinstaller:1.4.0] AndroidManifest.xml:38:13-36
150            android:permission="android.permission.DUMP" >
150-->[androidx.profileinstaller:profileinstaller:1.4.0] AndroidManifest.xml:39:13-57
151            <intent-filter>
151-->[androidx.profileinstaller:profileinstaller:1.4.0] AndroidManifest.xml:40:13-42:29
152                <action android:name="androidx.profileinstaller.action.INSTALL_PROFILE" />
152-->[androidx.profileinstaller:profileinstaller:1.4.0] AndroidManifest.xml:41:17-91
152-->[androidx.profileinstaller:profileinstaller:1.4.0] AndroidManifest.xml:41:25-88
153            </intent-filter>
154            <intent-filter>
154-->[androidx.profileinstaller:profileinstaller:1.4.0] AndroidManifest.xml:43:13-45:29
155                <action android:name="androidx.profileinstaller.action.SKIP_FILE" />
155-->[androidx.profileinstaller:profileinstaller:1.4.0] AndroidManifest.xml:44:17-85
155-->[androidx.profileinstaller:profileinstaller:1.4.0] AndroidManifest.xml:44:25-82
156            </intent-filter>
157            <intent-filter>
157-->[androidx.profileinstaller:profileinstaller:1.4.0] AndroidManifest.xml:46:13-48:29
158                <action android:name="androidx.profileinstaller.action.SAVE_PROFILE" />
158-->[androidx.profileinstaller:profileinstaller:1.4.0] AndroidManifest.xml:47:17-88
158-->[androidx.profileinstaller:profileinstaller:1.4.0] AndroidManifest.xml:47:25-85
159            </intent-filter>
160            <intent-filter>
160-->[androidx.profileinstaller:profileinstaller:1.4.0] AndroidManifest.xml:49:13-51:29
161                <action android:name="androidx.profileinstaller.action.BENCHMARK_OPERATION" />
161-->[androidx.profileinstaller:profileinstaller:1.4.0] AndroidManifest.xml:50:17-95
161-->[androidx.profileinstaller:profileinstaller:1.4.0] AndroidManifest.xml:50:25-92
162            </intent-filter>
163        </receiver>
164    </application>
165
166</manifest>